[821898][1603670835731][requester][info]["EventBus~initialize - Success"]
[821898][1603670835736][requester][info]["Messaging~boot - Success"]
[821898][1603670835743][requester][info]["bootCrashReporter~ Success"]
[821898][1603670835744][requester][info]["Telemetry~boot - Success"]
[821898][1603670835744][requester][info]["bootConfigurations~initialize - Success"]
[821898][1603670835746][requester][info]["Settings~boot - Success"]
[821898][1603670835797][requester][info]["bootstrapModels - Success"]
[821898][1603670835797][requester][info]["WLModels~boot - Success"]
[821898][1603670835955][requester][info]["Session~boot - Success"]
[821898][1603670835957][requester][info]["IndependentServices~boot - Success"]
[821898][1603670835972][requester][info]["AppModels~boot - Success"]
[821898][1603670835975][requester][info]["DBWatcher~boot - Success"]
[821898][1603670835977][requester][info]["ThemeManager~boot - Success"]
[821898][1603670835977][requester][info]["Store~boot - Success"]
[821898][1603670835979][requester][info]["Shortcuts~boot - Success"]
[821898][1603670835979][requester][info]["SyncProxy~boot - Success"]
[821898][1603670836030][requester][info]["NewConsole~boot - Success"]
[821898][1603670836038][requester][info]["APIDevInterface~boot - Success"]
[821898][1603670836046][requester][info]["Requester~boot - Success"]
[821898][1603670836046][requester][info]["booted - requester"]
[821898][1603670836088][requester][warn]["CloudProxyHandler: Error while reading proxy configuration from user data - ",{"errno":-2,"code":"ENOENT","syscall":"open","path":"/home/coffee/.config/Postman/Postman_Config/proxy","name":"Error","message":"ENOENT: no such file or directory, open '/home/coffee/.config/Postman/Postman_Config/proxy'","stack":"Error: ENOENT: no such file or directory, open '/home/coffee/.config/Postman/Postman_Config/proxy'"}]
[821898][1603670837364][requester][info]["SessionValidation - Registering listener"]
[821898][1603670837444][requester][warn]["FeatureFlagsStore~updateFlags: Could not find feature flags",{"error":{"message":"SyncRequestService\\x7erequestListener: Could not fetch from sync. Socket not connected."}}]
[821898][1603671039614][requester][warn]["Failed to subscribe to workspace for all APIs",{"name":"Error","message":"","stack":"Error\n    at SafeSubscriber._next (file:///opt/postman/app/resources/app/js/vendor-shared.js:447886:24)\n    at SafeSubscriber.push.SafeSubscriber.__tryOrUnsub (file:///opt/postman/app/resources/app/js/vendor-shared.js:413243:16)\n    at SafeSubscriber.push.SafeSubscriber.next (file:///opt/postman/app/resources/app/js/vendor-shared.js:413181:22)\n    at Subscriber.push.Subscriber._next (file:///opt/postman/app/resources/app/js/vendor-shared.js:413124:26)\n    at Subscriber.push.Subscriber.next (file:///opt/postman/app/resources/app/js/vendor-shared.js:413101:18)\n    at FilterSubscriber.push.FilterSubscriber._next (file:///opt/postman/app/resources/app/js/vendor-shared.js:420281:30)\n    at FilterSubscriber.push.Subscriber.next (file:///opt/postman/app/resources/app/js/vendor-shared.js:413101:18)\n    at RefCountSubscriber.push.Subscriber._next (file:///opt/postman/app/resources/app/js/vendor-shared.js:413124:26)\n    at RefCountSubscriber.push.Subscriber.next (file:///opt/postman/app/resources/app/js/vendor-shared.js:413101:18)\n    at Subject.push.Subject.next (file:///opt/postman/app/resources/app/js/vendor-shared.js:414177:25)\n    at ConnectableSubscriber.push.Subscriber._next (file:///opt/postman/app/resources/app/js/vendor-shared.js:413124:26)\n    at ConnectableSubscriber.push.Subscriber.next (file:///opt/postman/app/resources/app/js/vendor-shared.js:413101:18)\n    at EventEmitter.<anonymous> (file:///opt/postman/app/resources/app/js/vendor-shared.js:447834:14)\n    at EventEmitter.emit (file:///opt/postman/app/resources/app/js/vendor-shared.js:27377:5)\n    at _dispatch (file:///opt/postman/app/resources/app/js/vendor-shared.js:45413:14)\n    at EventEmitter.<anonymous> (file:///opt/postman/app/resources/app/js/vendor-shared.js:45423:9)"}]
[821898][1603671039688][requester][warn]["APIDevService~getAPIs: Failed to get APIs.",{"error":{"message":"SyncRequestService\\x7erequestListener: Could not fetch from sync. Socket not connected."}}]
[821898][1603671039691][requester][warn]["Failed to refresh API List",{"error":{"message":"SyncRequestService\\x7erequestListener: Could not fetch from sync. Socket not connected."}}]
[821898][1603671040458][requester][warn]["FeatureFlagsStore~updateFlags: Could not find feature flags",{"error":{"message":"SyncRequestService\\x7erequestListener: Could not fetch from sync. Socket not connected."}}]
